{"/Users/nnur/dev/Beamer/api/responses/badCredentials.js":{"path":"/Users/nnur/dev/Beamer/api/responses/badCredentials.js","s":{"1":1,"2":2,"3":2,"4":2,"5":2},"b":{},"f":{"1":2},"fnMap":{"1":{"name":"(anonymous_1)","line":1,"loc":{"start":{"line":1,"column":17},"end":{"line":1,"column":41}}}},"statementMap":{"1":{"start":{"line":1,"column":0},"end":{"line":11,"column":2}},"2":{"start":{"line":4,"column":4},"end":{"line":4,"column":23}},"3":{"start":{"line":5,"column":4},"end":{"line":5,"column":23}},"4":{"start":{"line":8,"column":4},"end":{"line":8,"column":20}},"5":{"start":{"line":9,"column":4},"end":{"line":9,"column":49}}},"branchMap":{}},"/Users/nnur/dev/Beamer/api/responses/badRequest.js":{"path":"/Users/nnur/dev/Beamer/api/responses/badRequest.js","s":{"1":1,"2":2,"3":2,"4":2,"5":2,"6":2,"7":1,"8":1,"9":2,"10":0,"11":2,"12":2,"13":0,"14":0,"15":0,"16":0,"17":0},"b":{"1":[1,1],"2":[0,2],"3":[2,0],"4":[0,0],"5":[0,0],"6":[0,0]},"f":{"1":2,"2":0},"fnMap":{"1":{"name":"badRequest","line":18,"loc":{"start":{"line":18,"column":17},"end":{"line":18,"column":52}}},"2":{"name":"couldNotGuessView","line":59,"loc":{"start":{"line":59,"column":44},"end":{"line":59,"column":74}}}},"statementMap":{"1":{"start":{"line":18,"column":0},"end":{"line":63,"column":2}},"2":{"start":{"line":21,"column":2},"end":{"line":21,"column":21}},"3":{"start":{"line":22,"column":2},"end":{"line":22,"column":21}},"4":{"start":{"line":23,"column":2},"end":{"line":23,"column":25}},"5":{"start":{"line":26,"column":2},"end":{"line":26,"column":18}},"6":{"start":{"line":29,"column":2},"end":{"line":32,"column":65}},"7":{"start":{"line":30,"column":4},"end":{"line":30,"column":71}},"8":{"start":{"line":32,"column":7},"end":{"line":32,"column":65}},"9":{"start":{"line":37,"column":2},"end":{"line":39,"column":3}},"10":{"start":{"line":38,"column":4},"end":{"line":38,"column":21}},"11":{"start":{"line":42,"column":2},"end":{"line":44,"column":3}},"12":{"start":{"line":43,"column":4},"end":{"line":43,"column":27}},"13":{"start":{"line":48,"column":2},"end":{"line":48,"column":78}},"14":{"start":{"line":53,"column":2},"end":{"line":61,"column":5}},"15":{"start":{"line":54,"column":4},"end":{"line":54,"column":50}},"16":{"start":{"line":59,"column":7},"end":{"line":61,"column":5}},"17":{"start":{"line":60,"column":4},"end":{"line":60,"column":27}}},"branchMap":{"1":{"line":29,"type":"if","locations":[{"start":{"line":29,"column":2},"end":{"line":29,"column":2}},{"start":{"line":29,"column":2},"end":{"line":29,"column":2}}]},"2":{"line":37,"type":"if","locations":[{"start":{"line":37,"column":2},"end":{"line":37,"column":2}},{"start":{"line":37,"column":2},"end":{"line":37,"column":2}}]},"3":{"line":42,"type":"if","locations":[{"start":{"line":42,"column":2},"end":{"line":42,"column":2}},{"start":{"line":42,"column":2},"end":{"line":42,"column":2}}]},"4":{"line":48,"type":"cond-expr","locations":[{"start":{"line":48,"column":44},"end":{"line":48,"column":61}},{"start":{"line":48,"column":64},"end":{"line":48,"column":77}}]},"5":{"line":48,"type":"binary-expr","locations":[{"start":{"line":48,"column":64},"end":{"line":48,"column":71}},{"start":{"line":48,"column":75},"end":{"line":48,"column":77}}]},"6":{"line":53,"type":"if","locations":[{"start":{"line":53,"column":2},"end":{"line":53,"column":2}},{"start":{"line":53,"column":2},"end":{"line":53,"column":2}}]}}},"/Users/nnur/dev/Beamer/api/responses/conflict.js":{"path":"/Users/nnur/dev/Beamer/api/responses/conflict.js","s":{"1":1,"2":2,"3":2,"4":2,"5":2},"b":{},"f":{"1":2},"fnMap":{"1":{"name":"(anonymous_1)","line":1,"loc":{"start":{"line":1,"column":17},"end":{"line":1,"column":41}}}},"statementMap":{"1":{"start":{"line":1,"column":0},"end":{"line":8,"column":2}},"2":{"start":{"line":3,"column":4},"end":{"line":3,"column":23}},"3":{"start":{"line":4,"column":4},"end":{"line":4,"column":23}},"4":{"start":{"line":6,"column":4},"end":{"line":6,"column":20}},"5":{"start":{"line":7,"column":4},"end":{"line":7,"column":32}}},"branchMap":{}},"/Users/nnur/dev/Beamer/api/responses/created.js":{"path":"/Users/nnur/dev/Beamer/api/responses/created.js","s":{"1":1,"2":0,"3":0,"4":0,"5":0},"b":{"1":[0,0],"2":[0,0],"3":[0,0]},"f":{"1":0},"fnMap":{"1":{"name":"(anonymous_1)","line":1,"loc":{"start":{"line":1,"column":17},"end":{"line":1,"column":53}}}},"statementMap":{"1":{"start":{"line":1,"column":0},"end":{"line":12,"column":2}},"2":{"start":{"line":2,"column":4},"end":{"line":6,"column":13}},"3":{"start":{"line":8,"column":4},"end":{"line":8,"column":64}},"4":{"start":{"line":10,"column":4},"end":{"line":10,"column":25}},"5":{"start":{"line":11,"column":4},"end":{"line":11,"column":29}}},"branchMap":{"1":{"line":3,"type":"binary-expr","locations":[{"start":{"line":3,"column":14},"end":{"line":3,"column":18}},{"start":{"line":3,"column":22},"end":{"line":3,"column":31}}]},"2":{"line":4,"type":"binary-expr","locations":[{"start":{"line":4,"column":17},"end":{"line":4,"column":24}},{"start":{"line":4,"column":28},"end":{"line":4,"column":86}}]},"3":{"line":5,"type":"binary-expr","locations":[{"start":{"line":5,"column":14},"end":{"line":5,"column":18}},{"start":{"line":5,"column":22},"end":{"line":5,"column":24}}]}}},"/Users/nnur/dev/Beamer/api/responses/forbidden.js":{"path":"/Users/nnur/dev/Beamer/api/responses/forbidden.js","s":{"1":1,"2":0,"3":0,"4":0,"5":0,"6":0,"7":0,"8":0,"9":0,"10":0,"11":0,"12":0,"13":0,"14":0,"15":0,"16":0,"17":0,"18":0,"19":0,"20":0,"21":0,"22":0},"b":{"1":[0,0],"2":[0,0],"3":[0,0],"4":[0,0],"5":[0,0],"6":[0,0],"7":[0,0],"8":[0,0]},"f":{"1":0,"2":0},"fnMap":{"1":{"name":"forbidden","line":15,"loc":{"start":{"line":15,"column":17},"end":{"line":15,"column":52}}},"2":{"name":"(anonymous_2)","line":56,"loc":{"start":{"line":56,"column":46},"end":{"line":56,"column":67}}}},"statementMap":{"1":{"start":{"line":15,"column":0},"end":{"line":76,"column":2}},"2":{"start":{"line":18,"column":2},"end":{"line":18,"column":21}},"3":{"start":{"line":19,"column":2},"end":{"line":19,"column":21}},"4":{"start":{"line":20,"column":2},"end":{"line":20,"column":25}},"5":{"start":{"line":23,"column":2},"end":{"line":23,"column":18}},"6":{"start":{"line":26,"column":2},"end":{"line":29,"column":63}},"7":{"start":{"line":27,"column":4},"end":{"line":27,"column":69}},"8":{"start":{"line":29,"column":7},"end":{"line":29,"column":63}},"9":{"start":{"line":34,"column":2},"end":{"line":36,"column":3}},"10":{"start":{"line":35,"column":4},"end":{"line":35,"column":21}},"11":{"start":{"line":39,"column":2},"end":{"line":41,"column":3}},"12":{"start":{"line":40,"column":4},"end":{"line":40,"column":27}},"13":{"start":{"line":45,"column":2},"end":{"line":45,"column":78}},"14":{"start":{"line":50,"column":2},"end":{"line":74,"column":5}},"15":{"start":{"line":51,"column":4},"end":{"line":51,"column":50}},"16":{"start":{"line":56,"column":7},"end":{"line":74,"column":5}},"17":{"start":{"line":59,"column":4},"end":{"line":71,"column":5}},"18":{"start":{"line":63,"column":6},"end":{"line":69,"column":7}},"19":{"start":{"line":64,"column":8},"end":{"line":64,"column":124}},"20":{"start":{"line":68,"column":8},"end":{"line":68,"column":145}},"21":{"start":{"line":70,"column":6},"end":{"line":70,"column":29}},"22":{"start":{"line":73,"column":4},"end":{"line":73,"column":26}}},"branchMap":{"1":{"line":26,"type":"if","locations":[{"start":{"line":26,"column":2},"end":{"line":26,"column":2}},{"start":{"line":26,"column":2},"end":{"line":26,"column":2}}]},"2":{"line":34,"type":"if","locations":[{"start":{"line":34,"column":2},"end":{"line":34,"column":2}},{"start":{"line":34,"column":2},"end":{"line":34,"column":2}}]},"3":{"line":39,"type":"if","locations":[{"start":{"line":39,"column":2},"end":{"line":39,"column":2}},{"start":{"line":39,"column":2},"end":{"line":39,"column":2}}]},"4":{"line":45,"type":"cond-expr","locations":[{"start":{"line":45,"column":44},"end":{"line":45,"column":61}},{"start":{"line":45,"column":64},"end":{"line":45,"column":77}}]},"5":{"line":45,"type":"binary-expr","locations":[{"start":{"line":45,"column":64},"end":{"line":45,"column":71}},{"start":{"line":45,"column":75},"end":{"line":45,"column":77}}]},"6":{"line":50,"type":"if","locations":[{"start":{"line":50,"column":2},"end":{"line":50,"column":2}},{"start":{"line":50,"column":2},"end":{"line":50,"column":2}}]},"7":{"line":59,"type":"if","locations":[{"start":{"line":59,"column":4},"end":{"line":59,"column":4}},{"start":{"line":59,"column":4},"end":{"line":59,"column":4}}]},"8":{"line":63,"type":"if","locations":[{"start":{"line":63,"column":6},"end":{"line":63,"column":6}},{"start":{"line":63,"column":6},"end":{"line":63,"column":6}}]}}},"/Users/nnur/dev/Beamer/api/responses/notFound.js":{"path":"/Users/nnur/dev/Beamer/api/responses/notFound.js","s":{"1":1,"2":1,"3":1,"4":1,"5":1,"6":1,"7":0,"8":1,"9":1,"10":0,"11":1,"12":1,"13":0,"14":0,"15":0,"16":0,"17":0,"18":0,"19":0,"20":0,"21":0,"22":0},"b":{"1":[0,1],"2":[0,1],"3":[1,0],"4":[0,0],"5":[0,0],"6":[0,0],"7":[0,0],"8":[0,0]},"f":{"1":1,"2":0},"fnMap":{"1":{"name":"notFound","line":20,"loc":{"start":{"line":20,"column":17},"end":{"line":20,"column":51}}},"2":{"name":"(anonymous_2)","line":61,"loc":{"start":{"line":61,"column":46},"end":{"line":61,"column":67}}}},"statementMap":{"1":{"start":{"line":20,"column":0},"end":{"line":81,"column":2}},"2":{"start":{"line":23,"column":2},"end":{"line":23,"column":21}},"3":{"start":{"line":24,"column":2},"end":{"line":24,"column":21}},"4":{"start":{"line":25,"column":2},"end":{"line":25,"column":25}},"5":{"start":{"line":28,"column":2},"end":{"line":28,"column":18}},"6":{"start":{"line":31,"column":2},"end":{"line":34,"column":63}},"7":{"start":{"line":32,"column":4},"end":{"line":32,"column":69}},"8":{"start":{"line":34,"column":7},"end":{"line":34,"column":63}},"9":{"start":{"line":39,"column":2},"end":{"line":41,"column":3}},"10":{"start":{"line":40,"column":4},"end":{"line":40,"column":21}},"11":{"start":{"line":44,"column":2},"end":{"line":46,"column":3}},"12":{"start":{"line":45,"column":4},"end":{"line":45,"column":27}},"13":{"start":{"line":50,"column":2},"end":{"line":50,"column":78}},"14":{"start":{"line":55,"column":2},"end":{"line":79,"column":5}},"15":{"start":{"line":56,"column":4},"end":{"line":56,"column":50}},"16":{"start":{"line":61,"column":7},"end":{"line":79,"column":5}},"17":{"start":{"line":64,"column":4},"end":{"line":76,"column":5}},"18":{"start":{"line":68,"column":6},"end":{"line":74,"column":7}},"19":{"start":{"line":69,"column":8},"end":{"line":69,"column":123}},"20":{"start":{"line":73,"column":8},"end":{"line":73,"column":144}},"21":{"start":{"line":75,"column":6},"end":{"line":75,"column":29}},"22":{"start":{"line":78,"column":4},"end":{"line":78,"column":26}}},"branchMap":{"1":{"line":31,"type":"if","locations":[{"start":{"line":31,"column":2},"end":{"line":31,"column":2}},{"start":{"line":31,"column":2},"end":{"line":31,"column":2}}]},"2":{"line":39,"type":"if","locations":[{"start":{"line":39,"column":2},"end":{"line":39,"column":2}},{"start":{"line":39,"column":2},"end":{"line":39,"column":2}}]},"3":{"line":44,"type":"if","locations":[{"start":{"line":44,"column":2},"end":{"line":44,"column":2}},{"start":{"line":44,"column":2},"end":{"line":44,"column":2}}]},"4":{"line":50,"type":"cond-expr","locations":[{"start":{"line":50,"column":44},"end":{"line":50,"column":61}},{"start":{"line":50,"column":64},"end":{"line":50,"column":77}}]},"5":{"line":50,"type":"binary-expr","locations":[{"start":{"line":50,"column":64},"end":{"line":50,"column":71}},{"start":{"line":50,"column":75},"end":{"line":50,"column":77}}]},"6":{"line":55,"type":"if","locations":[{"start":{"line":55,"column":2},"end":{"line":55,"column":2}},{"start":{"line":55,"column":2},"end":{"line":55,"column":2}}]},"7":{"line":64,"type":"if","locations":[{"start":{"line":64,"column":4},"end":{"line":64,"column":4}},{"start":{"line":64,"column":4},"end":{"line":64,"column":4}}]},"8":{"line":68,"type":"if","locations":[{"start":{"line":68,"column":6},"end":{"line":68,"column":6}},{"start":{"line":68,"column":6},"end":{"line":68,"column":6}}]}}},"/Users/nnur/dev/Beamer/api/responses/ok.js":{"path":"/Users/nnur/dev/Beamer/api/responses/ok.js","s":{"1":1,"2":0,"3":0,"4":0,"5":0,"6":0,"7":0,"8":0,"9":0,"10":0,"11":0,"12":0,"13":0},"b":{"1":[0,0],"2":[0,0],"3":[0,0],"4":[0,0]},"f":{"1":0,"2":0},"fnMap":{"1":{"name":"sendOK","line":14,"loc":{"start":{"line":14,"column":17},"end":{"line":14,"column":49}}},"2":{"name":"couldNotGuessView","line":44,"loc":{"start":{"line":44,"column":44},"end":{"line":44,"column":74}}}},"statementMap":{"1":{"start":{"line":14,"column":0},"end":{"line":48,"column":2}},"2":{"start":{"line":17,"column":2},"end":{"line":17,"column":21}},"3":{"start":{"line":18,"column":2},"end":{"line":18,"column":21}},"4":{"start":{"line":19,"column":2},"end":{"line":19,"column":25}},"5":{"start":{"line":21,"column":2},"end":{"line":21,"column":61}},"6":{"start":{"line":24,"column":2},"end":{"line":24,"column":18}},"7":{"start":{"line":27,"column":2},"end":{"line":29,"column":3}},"8":{"start":{"line":28,"column":4},"end":{"line":28,"column":27}},"9":{"start":{"line":33,"column":2},"end":{"line":33,"column":78}},"10":{"start":{"line":38,"column":2},"end":{"line":46,"column":5}},"11":{"start":{"line":39,"column":4},"end":{"line":39,"column":50}},"12":{"start":{"line":44,"column":7},"end":{"line":46,"column":5}},"13":{"start":{"line":45,"column":4},"end":{"line":45,"column":27}}},"branchMap":{"1":{"line":27,"type":"if","locations":[{"start":{"line":27,"column":2},"end":{"line":27,"column":2}},{"start":{"line":27,"column":2},"end":{"line":27,"column":2}}]},"2":{"line":33,"type":"cond-expr","locations":[{"start":{"line":33,"column":44},"end":{"line":33,"column":61}},{"start":{"line":33,"column":64},"end":{"line":33,"column":77}}]},"3":{"line":33,"type":"binary-expr","locations":[{"start":{"line":33,"column":64},"end":{"line":33,"column":71}},{"start":{"line":33,"column":75},"end":{"line":33,"column":77}}]},"4":{"line":38,"type":"if","locations":[{"start":{"line":38,"column":2},"end":{"line":38,"column":2}},{"start":{"line":38,"column":2},"end":{"line":38,"column":2}}]}}},"/Users/nnur/dev/Beamer/api/responses/serverError.js":{"path":"/Users/nnur/dev/Beamer/api/responses/serverError.js","s":{"1":1,"2":0,"3":0,"4":0,"5":0,"6":0,"7":0,"8":0,"9":0,"10":0,"11":0,"12":0,"13":0,"14":0,"15":0,"16":0,"17":0,"18":0,"19":0,"20":0,"21":0,"22":0},"b":{"1":[0,0],"2":[0,0],"3":[0,0],"4":[0,0],"5":[0,0],"6":[0,0],"7":[0,0],"8":[0,0]},"f":{"1":0,"2":0},"fnMap":{"1":{"name":"serverError","line":15,"loc":{"start":{"line":15,"column":17},"end":{"line":15,"column":54}}},"2":{"name":"(anonymous_2)","line":56,"loc":{"start":{"line":56,"column":46},"end":{"line":56,"column":67}}}},"statementMap":{"1":{"start":{"line":15,"column":0},"end":{"line":76,"column":2}},"2":{"start":{"line":18,"column":2},"end":{"line":18,"column":21}},"3":{"start":{"line":19,"column":2},"end":{"line":19,"column":21}},"4":{"start":{"line":20,"column":2},"end":{"line":20,"column":25}},"5":{"start":{"line":23,"column":2},"end":{"line":23,"column":18}},"6":{"start":{"line":26,"column":2},"end":{"line":29,"column":70}},"7":{"start":{"line":27,"column":4},"end":{"line":27,"column":70}},"8":{"start":{"line":29,"column":7},"end":{"line":29,"column":70}},"9":{"start":{"line":34,"column":2},"end":{"line":36,"column":3}},"10":{"start":{"line":35,"column":4},"end":{"line":35,"column":21}},"11":{"start":{"line":39,"column":2},"end":{"line":41,"column":3}},"12":{"start":{"line":40,"column":4},"end":{"line":40,"column":27}},"13":{"start":{"line":45,"column":2},"end":{"line":45,"column":78}},"14":{"start":{"line":50,"column":2},"end":{"line":74,"column":5}},"15":{"start":{"line":51,"column":4},"end":{"line":51,"column":50}},"16":{"start":{"line":56,"column":7},"end":{"line":74,"column":5}},"17":{"start":{"line":59,"column":4},"end":{"line":71,"column":5}},"18":{"start":{"line":63,"column":6},"end":{"line":69,"column":7}},"19":{"start":{"line":64,"column":8},"end":{"line":64,"column":126}},"20":{"start":{"line":68,"column":8},"end":{"line":68,"column":147}},"21":{"start":{"line":70,"column":6},"end":{"line":70,"column":29}},"22":{"start":{"line":73,"column":4},"end":{"line":73,"column":26}}},"branchMap":{"1":{"line":26,"type":"if","locations":[{"start":{"line":26,"column":2},"end":{"line":26,"column":2}},{"start":{"line":26,"column":2},"end":{"line":26,"column":2}}]},"2":{"line":34,"type":"if","locations":[{"start":{"line":34,"column":2},"end":{"line":34,"column":2}},{"start":{"line":34,"column":2},"end":{"line":34,"column":2}}]},"3":{"line":39,"type":"if","locations":[{"start":{"line":39,"column":2},"end":{"line":39,"column":2}},{"start":{"line":39,"column":2},"end":{"line":39,"column":2}}]},"4":{"line":45,"type":"cond-expr","locations":[{"start":{"line":45,"column":44},"end":{"line":45,"column":61}},{"start":{"line":45,"column":64},"end":{"line":45,"column":77}}]},"5":{"line":45,"type":"binary-expr","locations":[{"start":{"line":45,"column":64},"end":{"line":45,"column":71}},{"start":{"line":45,"column":75},"end":{"line":45,"column":77}}]},"6":{"line":50,"type":"if","locations":[{"start":{"line":50,"column":2},"end":{"line":50,"column":2}},{"start":{"line":50,"column":2},"end":{"line":50,"column":2}}]},"7":{"line":59,"type":"if","locations":[{"start":{"line":59,"column":4},"end":{"line":59,"column":4}},{"start":{"line":59,"column":4},"end":{"line":59,"column":4}}]},"8":{"line":63,"type":"if","locations":[{"start":{"line":63,"column":6},"end":{"line":63,"column":6}},{"start":{"line":63,"column":6},"end":{"line":63,"column":6}}]}}},"/Users/nnur/dev/Beamer/api/responses/unauthorized.js":{"path":"/Users/nnur/dev/Beamer/api/responses/unauthorized.js","s":{"1":1,"2":0,"3":0,"4":0,"5":0},"b":{"1":[0,0],"2":[0,0],"3":[0,0]},"f":{"1":0},"fnMap":{"1":{"name":"(anonymous_1)","line":6,"loc":{"start":{"line":6,"column":17},"end":{"line":6,"column":53}}}},"statementMap":{"1":{"start":{"line":6,"column":0},"end":{"line":17,"column":2}},"2":{"start":{"line":7,"column":4},"end":{"line":11,"column":13}},"3":{"start":{"line":13,"column":4},"end":{"line":13,"column":69}},"4":{"start":{"line":15,"column":4},"end":{"line":15,"column":25}},"5":{"start":{"line":16,"column":4},"end":{"line":16,"column":29}}},"branchMap":{"1":{"line":8,"type":"binary-expr","locations":[{"start":{"line":8,"column":14},"end":{"line":8,"column":18}},{"start":{"line":8,"column":22},"end":{"line":8,"column":38}}]},"2":{"line":9,"type":"binary-expr","locations":[{"start":{"line":9,"column":17},"end":{"line":9,"column":24}},{"start":{"line":9,"column":28},"end":{"line":9,"column":69}}]},"3":{"line":10,"type":"binary-expr","locations":[{"start":{"line":10,"column":14},"end":{"line":10,"column":18}},{"start":{"line":10,"column":22},"end":{"line":10,"column":24}}]}}},"/Users/nnur/dev/Beamer/api/services/jwToken.js":{"path":"/Users/nnur/dev/Beamer/api/services/jwToken.js","s":{"1":1,"2":1,"3":23,"4":1,"5":24},"b":{},"f":{"1":23,"2":24},"fnMap":{"1":{"name":"(anonymous_1)","line":5,"loc":{"start":{"line":5,"column":23},"end":{"line":5,"column":41}}},"2":{"name":"(anonymous_2)","line":16,"loc":{"start":{"line":16,"column":24},"end":{"line":16,"column":50}}}},"statementMap":{"1":{"start":{"line":1,"column":0},"end":{"line":2,"column":36}},"2":{"start":{"line":5,"column":0},"end":{"line":13,"column":2}},"3":{"start":{"line":6,"column":4},"end":{"line":12,"column":6}},"4":{"start":{"line":16,"column":0},"end":{"line":23,"column":2}},"5":{"start":{"line":17,"column":4},"end":{"line":22,"column":6}}},"branchMap":{}},"/Users/nnur/dev/Beamer/api/models/Blog.js":{"path":"/Users/nnur/dev/Beamer/api/models/Blog.js","s":{"1":22},"b":{},"f":{},"fnMap":{},"statementMap":{"1":{"start":{"line":8,"column":0},"end":{"line":30,"column":2}}},"branchMap":{}},"/Users/nnur/dev/Beamer/api/models/Route.js":{"path":"/Users/nnur/dev/Beamer/api/models/Route.js","s":{"1":22,"2":6,"3":2,"4":2,"5":2,"6":6},"b":{"1":[2,4],"2":[0,2],"3":[2,0]},"f":{"1":6,"2":2,"3":0},"fnMap":{"1":{"name":"(anonymous_1)","line":20,"loc":{"start":{"line":20,"column":18},"end":{"line":20,"column":48}}},"2":{"name":"(anonymous_2)","line":24,"loc":{"start":{"line":24,"column":20},"end":{"line":24,"column":43}}},"3":{"name":"(anonymous_3)","line":35,"loc":{"start":{"line":35,"column":15},"end":{"line":35,"column":26}}}},"statementMap":{"1":{"start":{"line":1,"column":0},"end":{"line":38,"column":2}},"2":{"start":{"line":21,"column":8},"end":{"line":32,"column":9}},"3":{"start":{"line":22,"column":12},"end":{"line":31,"column":15}},"4":{"start":{"line":25,"column":16},"end":{"line":30,"column":17}},"5":{"start":{"line":28,"column":23},"end":{"line":30,"column":17}},"6":{"start":{"line":33,"column":8},"end":{"line":33,"column":15}}},"branchMap":{"1":{"line":21,"type":"if","locations":[{"start":{"line":21,"column":8},"end":{"line":21,"column":8}},{"start":{"line":21,"column":8},"end":{"line":21,"column":8}}]},"2":{"line":25,"type":"if","locations":[{"start":{"line":25,"column":16},"end":{"line":25,"column":16}},{"start":{"line":25,"column":16},"end":{"line":25,"column":16}}]},"3":{"line":28,"type":"if","locations":[{"start":{"line":28,"column":23},"end":{"line":28,"column":23}},{"start":{"line":28,"column":23},"end":{"line":28,"column":23}}]}}},"/Users/nnur/dev/Beamer/api/models/User.js":{"path":"/Users/nnur/dev/Beamer/api/models/User.js","s":{"1":22,"2":22,"3":24,"4":24,"5":24,"6":23,"7":23,"8":3,"9":3,"10":3,"11":3,"12":3,"13":3,"14":1,"15":1,"16":11,"17":11},"b":{"1":[3,0],"2":[0,3],"3":[3,0],"4":[1,1]},"f":{"1":24,"2":23,"3":3,"4":3,"5":3,"6":11,"7":11},"fnMap":{"1":{"name":"(anonymous_1)","line":33,"loc":{"start":{"line":33,"column":16},"end":{"line":33,"column":27}}},"2":{"name":"(anonymous_2)","line":42,"loc":{"start":{"line":42,"column":18},"end":{"line":42,"column":41}}},"3":{"name":"(anonymous_3)","line":47,"loc":{"start":{"line":47,"column":18},"end":{"line":47,"column":47}}},"4":{"name":"(anonymous_4)","line":51,"loc":{"start":{"line":51,"column":20},"end":{"line":51,"column":43}}},"5":{"name":"(anonymous_5)","line":62,"loc":{"start":{"line":62,"column":21},"end":{"line":62,"column":50}}},"6":{"name":"(anonymous_6)","line":70,"loc":{"start":{"line":70,"column":23},"end":{"line":70,"column":42}}},"7":{"name":"(anonymous_7)","line":73,"loc":{"start":{"line":73,"column":16},"end":{"line":73,"column":31}}}},"statementMap":{"1":{"start":{"line":8,"column":0},"end":{"line":8,"column":38}},"2":{"start":{"line":10,"column":0},"end":{"line":77,"column":2}},"3":{"start":{"line":34,"column":12},"end":{"line":34,"column":38}},"4":{"start":{"line":36,"column":12},"end":{"line":36,"column":41}},"5":{"start":{"line":37,"column":12},"end":{"line":37,"column":23}},"6":{"start":{"line":43,"column":8},"end":{"line":43,"column":68}},"7":{"start":{"line":44,"column":8},"end":{"line":44,"column":15}},"8":{"start":{"line":48,"column":8},"end":{"line":58,"column":9}},"9":{"start":{"line":49,"column":12},"end":{"line":57,"column":15}},"10":{"start":{"line":52,"column":16},"end":{"line":56,"column":17}},"11":{"start":{"line":54,"column":23},"end":{"line":56,"column":17}},"12":{"start":{"line":59,"column":8},"end":{"line":59,"column":15}},"13":{"start":{"line":63,"column":8},"end":{"line":67,"column":9}},"14":{"start":{"line":64,"column":12},"end":{"line":64,"column":22}},"15":{"start":{"line":66,"column":12},"end":{"line":66,"column":21}},"16":{"start":{"line":71,"column":8},"end":{"line":75,"column":11}},"17":{"start":{"line":74,"column":12},"end":{"line":74,"column":27}}},"branchMap":{"1":{"line":48,"type":"if","locations":[{"start":{"line":48,"column":8},"end":{"line":48,"column":8}},{"start":{"line":48,"column":8},"end":{"line":48,"column":8}}]},"2":{"line":52,"type":"if","locations":[{"start":{"line":52,"column":16},"end":{"line":52,"column":16}},{"start":{"line":52,"column":16},"end":{"line":52,"column":16}}]},"3":{"line":54,"type":"if","locations":[{"start":{"line":54,"column":23},"end":{"line":54,"column":23}},{"start":{"line":54,"column":23},"end":{"line":54,"column":23}}]},"4":{"line":63,"type":"if","locations":[{"start":{"line":63,"column":8},"end":{"line":63,"column":8}},{"start":{"line":63,"column":8},"end":{"line":63,"column":8}}]}}},"/Users/nnur/dev/Beamer/api/controllers/BlogController.js":{"path":"/Users/nnur/dev/Beamer/api/controllers/BlogController.js","s":{"1":1,"2":0,"3":0,"4":0,"5":0,"6":0,"7":0,"8":0,"9":0,"10":0,"11":0,"12":0,"13":0,"14":0,"15":0,"16":0},"b":{"1":[0,0],"2":[0,0]},"f":{"1":0,"2":0,"3":0,"4":0,"5":0,"6":0,"7":0,"8":0,"9":0,"10":0,"11":0},"fnMap":{"1":{"name":"(anonymous_1)","line":17,"loc":{"start":{"line":17,"column":14},"end":{"line":17,"column":33}}},"2":{"name":"(anonymous_2)","line":21,"loc":{"start":{"line":21,"column":11},"end":{"line":21,"column":31}}},"3":{"name":"(anonymous_3)","line":29,"loc":{"start":{"line":29,"column":16},"end":{"line":29,"column":35}}},"4":{"name":"(anonymous_4)","line":37,"loc":{"start":{"line":37,"column":31},"end":{"line":37,"column":46}}},"5":{"name":"(anonymous_5)","line":39,"loc":{"start":{"line":39,"column":17},"end":{"line":39,"column":31}}},"6":{"name":"(anonymous_6)","line":45,"loc":{"start":{"line":45,"column":16},"end":{"line":45,"column":35}}},"7":{"name":"(anonymous_7)","line":51,"loc":{"start":{"line":51,"column":16},"end":{"line":51,"column":34}}},"8":{"name":"(anonymous_8)","line":53,"loc":{"start":{"line":53,"column":17},"end":{"line":53,"column":31}}},"9":{"name":"(anonymous_9)","line":60,"loc":{"start":{"line":60,"column":16},"end":{"line":60,"column":35}}},"10":{"name":"(anonymous_10)","line":63,"loc":{"start":{"line":63,"column":16},"end":{"line":63,"column":34}}},"11":{"name":"(anonymous_11)","line":65,"loc":{"start":{"line":65,"column":17},"end":{"line":65,"column":31}}}},"statementMap":{"1":{"start":{"line":8,"column":0},"end":{"line":71,"column":2}},"2":{"start":{"line":18,"column":8},"end":{"line":27,"column":11}},"3":{"start":{"line":22,"column":12},"end":{"line":26,"column":13}},"4":{"start":{"line":23,"column":16},"end":{"line":23,"column":30}},"5":{"start":{"line":24,"column":19},"end":{"line":26,"column":13}},"6":{"start":{"line":25,"column":16},"end":{"line":25,"column":31}},"7":{"start":{"line":31,"column":8},"end":{"line":36,"column":10}},"8":{"start":{"line":37,"column":8},"end":{"line":41,"column":11}},"9":{"start":{"line":38,"column":12},"end":{"line":38,"column":27}},"10":{"start":{"line":40,"column":12},"end":{"line":40,"column":26}},"11":{"start":{"line":46,"column":8},"end":{"line":55,"column":11}},"12":{"start":{"line":52,"column":12},"end":{"line":52,"column":30}},"13":{"start":{"line":54,"column":12},"end":{"line":54,"column":26}},"14":{"start":{"line":61,"column":8},"end":{"line":67,"column":11}},"15":{"start":{"line":64,"column":12},"end":{"line":64,"column":30}},"16":{"start":{"line":66,"column":12},"end":{"line":66,"column":26}}},"branchMap":{"1":{"line":22,"type":"if","locations":[{"start":{"line":22,"column":12},"end":{"line":22,"column":12}},{"start":{"line":22,"column":12},"end":{"line":22,"column":12}}]},"2":{"line":24,"type":"if","locations":[{"start":{"line":24,"column":19},"end":{"line":24,"column":19}},{"start":{"line":24,"column":19},"end":{"line":24,"column":19}}]}}},"/Users/nnur/dev/Beamer/api/controllers/RouteController.js":{"path":"/Users/nnur/dev/Beamer/api/controllers/RouteController.js","s":{"1":1,"2":2,"3":2,"4":11,"5":11,"6":11,"7":11,"8":10,"9":1,"10":2,"11":1,"12":1,"13":1,"14":3,"15":3,"16":1,"17":2,"18":0},"b":{"1":[1,2]},"f":{"1":2,"2":2,"3":11,"4":11,"5":10,"6":1,"7":2,"8":1,"9":1,"10":3,"11":3,"12":0},"fnMap":{"1":{"name":"(anonymous_1)","line":16,"loc":{"start":{"line":16,"column":15},"end":{"line":16,"column":34}}},"2":{"name":"(anonymous_2)","line":21,"loc":{"start":{"line":21,"column":18},"end":{"line":21,"column":38}}},"3":{"name":"(anonymous_3)","line":30,"loc":{"start":{"line":30,"column":17},"end":{"line":30,"column":36}}},"4":{"name":"(anonymous_4)","line":33,"loc":{"start":{"line":33,"column":18},"end":{"line":33,"column":35}}},"5":{"name":"(anonymous_5)","line":38,"loc":{"start":{"line":38,"column":41},"end":{"line":38,"column":64}}},"6":{"name":"(anonymous_6)","line":42,"loc":{"start":{"line":42,"column":25},"end":{"line":42,"column":39}}},"7":{"name":"(anonymous_7)","line":48,"loc":{"start":{"line":48,"column":17},"end":{"line":48,"column":36}}},"8":{"name":"(anonymous_8)","line":54,"loc":{"start":{"line":54,"column":16},"end":{"line":54,"column":40}}},"9":{"name":"(anonymous_9)","line":58,"loc":{"start":{"line":58,"column":17},"end":{"line":58,"column":31}}},"10":{"name":"(anonymous_10)","line":67,"loc":{"start":{"line":67,"column":17},"end":{"line":67,"column":36}}},"11":{"name":"(anonymous_11)","line":70,"loc":{"start":{"line":70,"column":16},"end":{"line":70,"column":40}}},"12":{"name":"(anonymous_12)","line":75,"loc":{"start":{"line":75,"column":17},"end":{"line":75,"column":31}}}},"statementMap":{"1":{"start":{"line":8,"column":0},"end":{"line":79,"column":2}},"2":{"start":{"line":17,"column":8},"end":{"line":27,"column":15}},"3":{"start":{"line":22,"column":16},"end":{"line":26,"column":19}},"4":{"start":{"line":31,"column":8},"end":{"line":31,"column":19}},"5":{"start":{"line":32,"column":8},"end":{"line":45,"column":15}},"6":{"start":{"line":34,"column":16},"end":{"line":37,"column":18}},"7":{"start":{"line":38,"column":16},"end":{"line":44,"column":19}},"8":{"start":{"line":39,"column":20},"end":{"line":41,"column":23}},"9":{"start":{"line":43,"column":20},"end":{"line":43,"column":35}},"10":{"start":{"line":50,"column":8},"end":{"line":61,"column":11}},"11":{"start":{"line":55,"column":12},"end":{"line":57,"column":15}},"12":{"start":{"line":59,"column":12},"end":{"line":59,"column":47}},"13":{"start":{"line":60,"column":12},"end":{"line":60,"column":27}},"14":{"start":{"line":68,"column":8},"end":{"line":77,"column":11}},"15":{"start":{"line":71,"column":12},"end":{"line":71,"column":66}},"16":{"start":{"line":71,"column":44},"end":{"line":71,"column":66}},"17":{"start":{"line":72,"column":12},"end":{"line":74,"column":15}},"18":{"start":{"line":76,"column":12},"end":{"line":76,"column":26}}},"branchMap":{"1":{"line":71,"type":"if","locations":[{"start":{"line":71,"column":12},"end":{"line":71,"column":12}},{"start":{"line":71,"column":12},"end":{"line":71,"column":12}}]}}},"/Users/nnur/dev/Beamer/api/controllers/UserController.js":{"path":"/Users/nnur/dev/Beamer/api/controllers/UserController.js","s":{"1":1,"2":1,"3":0,"4":23,"5":23,"6":1,"7":22,"8":22,"9":4,"10":4,"11":4,"12":1,"13":3,"14":3,"15":2,"16":1,"17":1,"18":1,"19":1,"20":0,"21":0,"22":1,"23":3,"24":3,"25":3,"26":0,"27":1,"28":1,"29":0},"b":{"1":[1,22],"2":[22,0],"3":[1,3],"4":[4,3],"5":[1,1]},"f":{"1":0,"2":23,"3":23,"4":4,"5":3,"6":2,"7":1,"8":1,"9":0,"10":1,"11":3,"12":3,"13":0,"14":1,"15":1,"16":0},"fnMap":{"1":{"name":"(anonymous_1)","line":12,"loc":{"start":{"line":12,"column":21},"end":{"line":12,"column":40}}},"2":{"name":"(anonymous_2)","line":16,"loc":{"start":{"line":16,"column":12},"end":{"line":16,"column":31}}},"3":{"name":"(anonymous_3)","line":17,"loc":{"start":{"line":17,"column":35},"end":{"line":17,"column":55}}},"4":{"name":"(anonymous_4)","line":38,"loc":{"start":{"line":38,"column":11},"end":{"line":38,"column":30}}},"5":{"name":"(anonymous_5)","line":48,"loc":{"start":{"line":48,"column":16},"end":{"line":48,"column":31}}},"6":{"name":"(anonymous_6)","line":49,"loc":{"start":{"line":49,"column":49},"end":{"line":49,"column":63}}},"7":{"name":"(anonymous_7)","line":63,"loc":{"start":{"line":63,"column":17},"end":{"line":63,"column":31}}},"8":{"name":"(anonymous_8)","line":69,"loc":{"start":{"line":69,"column":17},"end":{"line":69,"column":36}}},"9":{"name":"(anonymous_9)","line":74,"loc":{"start":{"line":74,"column":16},"end":{"line":74,"column":39}}},"10":{"name":"(anonymous_10)","line":79,"loc":{"start":{"line":79,"column":17},"end":{"line":79,"column":31}}},"11":{"name":"(anonymous_11)","line":84,"loc":{"start":{"line":84,"column":16},"end":{"line":84,"column":35}}},"12":{"name":"(anonymous_12)","line":87,"loc":{"start":{"line":87,"column":16},"end":{"line":87,"column":34}}},"13":{"name":"(anonymous_13)","line":92,"loc":{"start":{"line":92,"column":17},"end":{"line":92,"column":31}}},"14":{"name":"(anonymous_14)","line":97,"loc":{"start":{"line":97,"column":13},"end":{"line":97,"column":32}}},"15":{"name":"(anonymous_15)","line":101,"loc":{"start":{"line":101,"column":16},"end":{"line":101,"column":31}}},"16":{"name":"(anonymous_16)","line":105,"loc":{"start":{"line":105,"column":17},"end":{"line":105,"column":31}}}},"statementMap":{"1":{"start":{"line":8,"column":0},"end":{"line":8,"column":31}},"2":{"start":{"line":10,"column":0},"end":{"line":109,"column":2}},"3":{"start":{"line":13,"column":8},"end":{"line":13,"column":24}},"4":{"start":{"line":17,"column":8},"end":{"line":35,"column":11}},"5":{"start":{"line":18,"column":12},"end":{"line":22,"column":13}},"6":{"start":{"line":19,"column":16},"end":{"line":21,"column":19}},"7":{"start":{"line":24,"column":12},"end":{"line":34,"column":13}},"8":{"start":{"line":26,"column":16},"end":{"line":33,"column":19}},"9":{"start":{"line":39,"column":8},"end":{"line":39,"column":35}},"10":{"start":{"line":40,"column":8},"end":{"line":40,"column":41}},"11":{"start":{"line":42,"column":8},"end":{"line":44,"column":9}},"12":{"start":{"line":43,"column":12},"end":{"line":43,"column":65}},"13":{"start":{"line":46,"column":8},"end":{"line":65,"column":11}},"14":{"start":{"line":49,"column":12},"end":{"line":62,"column":15}},"15":{"start":{"line":50,"column":16},"end":{"line":61,"column":17}},"16":{"start":{"line":51,"column":20},"end":{"line":51,"column":48}},"17":{"start":{"line":53,"column":20},"end":{"line":60,"column":23}},"18":{"start":{"line":64,"column":12},"end":{"line":64,"column":40}},"19":{"start":{"line":70,"column":8},"end":{"line":81,"column":11}},"20":{"start":{"line":75,"column":12},"end":{"line":75,"column":36}},"21":{"start":{"line":76,"column":12},"end":{"line":78,"column":15}},"22":{"start":{"line":80,"column":12},"end":{"line":80,"column":40}},"23":{"start":{"line":85,"column":8},"end":{"line":94,"column":11}},"24":{"start":{"line":88,"column":12},"end":{"line":88,"column":47}},"25":{"start":{"line":89,"column":12},"end":{"line":91,"column":15}},"26":{"start":{"line":93,"column":12},"end":{"line":93,"column":26}},"27":{"start":{"line":99,"column":8},"end":{"line":107,"column":11}},"28":{"start":{"line":102,"column":12},"end":{"line":104,"column":15}},"29":{"start":{"line":106,"column":12},"end":{"line":106,"column":26}}},"branchMap":{"1":{"line":18,"type":"if","locations":[{"start":{"line":18,"column":12},"end":{"line":18,"column":12}},{"start":{"line":18,"column":12},"end":{"line":18,"column":12}}]},"2":{"line":24,"type":"if","locations":[{"start":{"line":24,"column":12},"end":{"line":24,"column":12}},{"start":{"line":24,"column":12},"end":{"line":24,"column":12}}]},"3":{"line":42,"type":"if","locations":[{"start":{"line":42,"column":8},"end":{"line":42,"column":8}},{"start":{"line":42,"column":8},"end":{"line":42,"column":8}}]},"4":{"line":42,"type":"binary-expr","locations":[{"start":{"line":42,"column":12},"end":{"line":42,"column":32}},{"start":{"line":42,"column":36},"end":{"line":42,"column":59}}]},"5":{"line":50,"type":"if","locations":[{"start":{"line":50,"column":16},"end":{"line":50,"column":16}},{"start":{"line":50,"column":16},"end":{"line":50,"column":16}}]}}},"/Users/nnur/dev/Beamer/api/policies/isAuthorized.js":{"path":"/Users/nnur/dev/Beamer/api/policies/isAuthorized.js","s":{"1":1,"2":24,"3":24,"4":24,"5":24,"6":24,"7":24,"8":24,"9":0,"10":0,"11":0,"12":0,"13":0,"14":24,"15":24,"16":1,"17":23,"18":23,"19":23,"20":23,"21":0,"22":23},"b":{"1":[24,0],"2":[24,24],"3":[24,0],"4":[24,0],"5":[0,0],"6":[1,23],"7":[23,0],"8":[23,0]},"f":{"1":24,"2":24},"fnMap":{"1":{"name":"(anonymous_1)","line":1,"loc":{"start":{"line":1,"column":17},"end":{"line":1,"column":42}}},"2":{"name":"(anonymous_2)","line":28,"loc":{"start":{"line":28,"column":26},"end":{"line":28,"column":47}}}},"statementMap":{"1":{"start":{"line":1,"column":0},"end":{"line":45,"column":2}},"2":{"start":{"line":2,"column":4},"end":{"line":2,"column":14}},"3":{"start":{"line":4,"column":4},"end":{"line":26,"column":5}},"4":{"start":{"line":5,"column":8},"end":{"line":5,"column":57}},"5":{"start":{"line":6,"column":8},"end":{"line":17,"column":9}},"6":{"start":{"line":7,"column":12},"end":{"line":8,"column":39}},"7":{"start":{"line":10,"column":12},"end":{"line":12,"column":13}},"8":{"start":{"line":11,"column":16},"end":{"line":11,"column":36}},"9":{"start":{"line":14,"column":12},"end":{"line":16,"column":15}},"10":{"start":{"line":18,"column":11},"end":{"line":26,"column":5}},"11":{"start":{"line":19,"column":8},"end":{"line":19,"column":35}},"12":{"start":{"line":21,"column":8},"end":{"line":21,"column":31}},"13":{"start":{"line":23,"column":8},"end":{"line":25,"column":11}},"14":{"start":{"line":28,"column":4},"end":{"line":44,"column":7}},"15":{"start":{"line":29,"column":8},"end":{"line":29,"column":38}},"16":{"start":{"line":29,"column":17},"end":{"line":29,"column":38}},"17":{"start":{"line":30,"column":8},"end":{"line":30,"column":26}},"18":{"start":{"line":31,"column":8},"end":{"line":31,"column":19}},"19":{"start":{"line":33,"column":8},"end":{"line":37,"column":9}},"20":{"start":{"line":34,"column":12},"end":{"line":34,"column":100}},"21":{"start":{"line":36,"column":12},"end":{"line":36,"column":41}},"22":{"start":{"line":43,"column":8},"end":{"line":43,"column":15}}},"branchMap":{"1":{"line":4,"type":"if","locations":[{"start":{"line":4,"column":4},"end":{"line":4,"column":4}},{"start":{"line":4,"column":4},"end":{"line":4,"column":4}}]},"2":{"line":4,"type":"binary-expr","locations":[{"start":{"line":4,"column":8},"end":{"line":4,"column":19}},{"start":{"line":4,"column":23},"end":{"line":4,"column":48}}]},"3":{"line":6,"type":"if","locations":[{"start":{"line":6,"column":8},"end":{"line":6,"column":8}},{"start":{"line":6,"column":8},"end":{"line":6,"column":8}}]},"4":{"line":10,"type":"if","locations":[{"start":{"line":10,"column":12},"end":{"line":10,"column":12}},{"start":{"line":10,"column":12},"end":{"line":10,"column":12}}]},"5":{"line":18,"type":"if","locations":[{"start":{"line":18,"column":11},"end":{"line":18,"column":11}},{"start":{"line":18,"column":11},"end":{"line":18,"column":11}}]},"6":{"line":29,"type":"if","locations":[{"start":{"line":29,"column":8},"end":{"line":29,"column":8}},{"start":{"line":29,"column":8},"end":{"line":29,"column":8}}]},"7":{"line":33,"type":"if","locations":[{"start":{"line":33,"column":8},"end":{"line":33,"column":8}},{"start":{"line":33,"column":8},"end":{"line":33,"column":8}}]},"8":{"line":34,"type":"cond-expr","locations":[{"start":{"line":34,"column":60},"end":{"line":34,"column":75}},{"start":{"line":34,"column":78},"end":{"line":34,"column":99}}]}}}}