TN:
SF:/Users/nnur/dev/Beamer/api/responses/badCredentials.js
FN:1,(anonymous_1)
FNF:1
FNH:1
FNDA:3,(anonymous_1)
DA:1,1
DA:4,3
DA:5,3
DA:8,3
DA:9,3
LF:5
LH:5
BRF:0
BRH:0
end_of_record
TN:
SF:/Users/nnur/dev/Beamer/api/responses/badRequest.js
FN:18,badRequest
FN:59,couldNotGuessView
FNF:2
FNH:1
FNDA:2,badRequest
FNDA:0,couldNotGuessView
DA:18,1
DA:21,2
DA:22,2
DA:23,2
DA:26,2
DA:29,2
DA:30,1
DA:32,1
DA:37,2
DA:38,0
DA:42,2
DA:43,2
DA:48,0
DA:53,0
DA:54,0
DA:59,0
DA:60,0
LF:17
LH:11
BRDA:29,1,0,1
BRDA:29,1,1,1
BRDA:37,2,0,0
BRDA:37,2,1,2
BRDA:42,3,0,2
BRDA:42,3,1,0
BRDA:48,4,0,0
BRDA:48,4,1,0
BRDA:48,5,0,0
BRDA:48,5,1,0
BRDA:53,6,0,0
BRDA:53,6,1,0
BRF:12
BRH:4
end_of_record
TN:
SF:/Users/nnur/dev/Beamer/api/responses/conflict.js
FN:1,(anonymous_1)
FNF:1
FNH:1
FNDA:4,(anonymous_1)
DA:1,1
DA:3,4
DA:4,4
DA:6,4
DA:7,4
LF:5
LH:5
BRF:0
BRH:0
end_of_record
TN:
SF:/Users/nnur/dev/Beamer/api/responses/created.js
FN:1,(anonymous_1)
FNF:1
FNH:0
FNDA:0,(anonymous_1)
DA:1,1
DA:2,0
DA:8,0
DA:10,0
DA:11,0
LF:5
LH:1
BRDA:3,1,0,0
BRDA:3,1,1,0
BRDA:4,2,0,0
BRDA:4,2,1,0
BRDA:5,3,0,0
BRDA:5,3,1,0
BRF:6
BRH:0
end_of_record
TN:
SF:/Users/nnur/dev/Beamer/api/responses/forbidden.js
FN:15,forbidden
FN:56,(anonymous_2)
FNF:2
FNH:0
FNDA:0,forbidden
FNDA:0,(anonymous_2)
DA:15,1
DA:18,0
DA:19,0
DA:20,0
DA:23,0
DA:26,0
DA:27,0
DA:29,0
DA:34,0
DA:35,0
DA:39,0
DA:40,0
DA:45,0
DA:50,0
DA:51,0
DA:56,0
DA:59,0
DA:63,0
DA:64,0
DA:68,0
DA:70,0
DA:73,0
LF:22
LH:1
BRDA:26,1,0,0
BRDA:26,1,1,0
BRDA:34,2,0,0
BRDA:34,2,1,0
BRDA:39,3,0,0
BRDA:39,3,1,0
BRDA:45,4,0,0
BRDA:45,4,1,0
BRDA:45,5,0,0
BRDA:45,5,1,0
BRDA:50,6,0,0
BRDA:50,6,1,0
BRDA:59,7,0,0
BRDA:59,7,1,0
BRDA:63,8,0,0
BRDA:63,8,1,0
BRF:16
BRH:0
end_of_record
TN:
SF:/Users/nnur/dev/Beamer/api/responses/notFound.js
FN:20,notFound
FN:61,(anonymous_2)
FNF:2
FNH:1
FNDA:3,notFound
FNDA:0,(anonymous_2)
DA:20,1
DA:23,3
DA:24,3
DA:25,3
DA:28,3
DA:31,3
DA:32,0
DA:34,3
DA:39,3
DA:40,0
DA:44,3
DA:45,3
DA:50,0
DA:55,0
DA:56,0
DA:61,0
DA:64,0
DA:68,0
DA:69,0
DA:73,0
DA:75,0
DA:78,0
LF:22
LH:10
BRDA:31,1,0,0
BRDA:31,1,1,3
BRDA:39,2,0,0
BRDA:39,2,1,3
BRDA:44,3,0,3
BRDA:44,3,1,0
BRDA:50,4,0,0
BRDA:50,4,1,0
BRDA:50,5,0,0
BRDA:50,5,1,0
BRDA:55,6,0,0
BRDA:55,6,1,0
BRDA:64,7,0,0
BRDA:64,7,1,0
BRDA:68,8,0,0
BRDA:68,8,1,0
BRF:16
BRH:3
end_of_record
TN:
SF:/Users/nnur/dev/Beamer/api/responses/ok.js
FN:14,sendOK
FN:44,couldNotGuessView
FNF:2
FNH:0
FNDA:0,sendOK
FNDA:0,couldNotGuessView
DA:14,1
DA:17,0
DA:18,0
DA:19,0
DA:21,0
DA:24,0
DA:27,0
DA:28,0
DA:33,0
DA:38,0
DA:39,0
DA:44,0
DA:45,0
LF:13
LH:1
BRDA:27,1,0,0
BRDA:27,1,1,0
BRDA:33,2,0,0
BRDA:33,2,1,0
BRDA:33,3,0,0
BRDA:33,3,1,0
BRDA:38,4,0,0
BRDA:38,4,1,0
BRF:8
BRH:0
end_of_record
TN:
SF:/Users/nnur/dev/Beamer/api/responses/serverError.js
FN:15,serverError
FN:56,(anonymous_2)
FNF:2
FNH:0
FNDA:0,serverError
FNDA:0,(anonymous_2)
DA:15,1
DA:18,0
DA:19,0
DA:20,0
DA:23,0
DA:26,0
DA:27,0
DA:29,0
DA:34,0
DA:35,0
DA:39,0
DA:40,0
DA:45,0
DA:50,0
DA:51,0
DA:56,0
DA:59,0
DA:63,0
DA:64,0
DA:68,0
DA:70,0
DA:73,0
LF:22
LH:1
BRDA:26,1,0,0
BRDA:26,1,1,0
BRDA:34,2,0,0
BRDA:34,2,1,0
BRDA:39,3,0,0
BRDA:39,3,1,0
BRDA:45,4,0,0
BRDA:45,4,1,0
BRDA:45,5,0,0
BRDA:45,5,1,0
BRDA:50,6,0,0
BRDA:50,6,1,0
BRDA:59,7,0,0
BRDA:59,7,1,0
BRDA:63,8,0,0
BRDA:63,8,1,0
BRF:16
BRH:0
end_of_record
TN:
SF:/Users/nnur/dev/Beamer/api/responses/unauthorized.js
FN:6,(anonymous_1)
FNF:1
FNH:1
FNDA:1,(anonymous_1)
DA:6,1
DA:7,1
DA:13,1
DA:15,1
DA:16,1
LF:5
LH:5
BRDA:8,1,0,1
BRDA:8,1,1,1
BRDA:9,2,0,1
BRDA:9,2,1,1
BRDA:10,3,0,1
BRDA:10,3,1,0
BRF:6
BRH:5
end_of_record
TN:
SF:/Users/nnur/dev/Beamer/api/services/jwToken.js
FN:5,(anonymous_1)
FN:16,(anonymous_2)
FNF:2
FNH:2
FNDA:33,(anonymous_1)
FNDA:50,(anonymous_2)
DA:1,1
DA:5,1
DA:6,33
DA:16,1
DA:17,50
LF:5
LH:5
BRF:0
BRH:0
end_of_record
TN:
SF:/Users/nnur/dev/Beamer/api/models/Blog.js
FNF:0
FNH:0
DA:8,37
LF:1
LH:1
BRF:0
BRH:0
end_of_record
TN:
SF:/Users/nnur/dev/Beamer/api/models/Route.js
FN:20,(anonymous_1)
FN:24,(anonymous_2)
FN:31,(anonymous_3)
FN:34,(anonymous_4)
FNF:4
FNH:4
FNDA:8,(anonymous_1)
FNDA:4,(anonymous_2)
FNDA:12,(anonymous_3)
FNDA:12,(anonymous_4)
DA:1,37
DA:21,8
DA:22,4
DA:25,4
DA:28,4
DA:32,12
DA:35,12
DA:36,12
LF:8
LH:8
BRDA:21,1,0,4
BRDA:21,1,1,4
BRDA:35,2,0,12
BRDA:35,2,1,0
BRF:4
BRH:3
end_of_record
TN:
SF:/Users/nnur/dev/Beamer/api/models/User.js
FN:34,(anonymous_1)
FN:42,(anonymous_2)
FN:47,(anonymous_3)
FN:52,(anonymous_4)
FN:58,(anonymous_5)
FN:59,(anonymous_6)
FN:67,(anonymous_7)
FN:70,(anonymous_8)
FNF:8
FNH:8
FNDA:34,(anonymous_1)
FNDA:36,(anonymous_2)
FNDA:4,(anonymous_3)
FNDA:4,(anonymous_4)
FNDA:4,(anonymous_5)
FNDA:4,(anonymous_6)
FNDA:69,(anonymous_7)
FNDA:69,(anonymous_8)
DA:8,37
DA:9,37
DA:11,37
DA:35,34
DA:36,34
DA:37,34
DA:43,36
DA:44,36
DA:48,4
DA:49,4
DA:53,4
DA:59,4
DA:60,4
DA:61,2
DA:63,1
DA:68,69
DA:71,69
LF:17
LH:17
BRDA:48,1,0,4
BRDA:48,1,1,0
BRDA:60,2,0,2
BRDA:60,2,1,1
BRF:4
BRH:3
end_of_record
TN:
SF:/Users/nnur/dev/Beamer/api/controllers/BlogController.js
FN:17,(anonymous_1)
FN:22,(anonymous_2)
FN:30,(anonymous_3)
FN:31,(anonymous_4)
FN:38,(anonymous_5)
FN:42,(anonymous_6)
FN:49,(anonymous_7)
FN:55,(anonymous_8)
FN:59,(anonymous_9)
FN:66,(anonymous_10)
FN:69,(anonymous_11)
FN:74,(anonymous_12)
FNF:12
FNH:11
FNDA:1,(anonymous_1)
FNDA:1,(anonymous_2)
FNDA:11,(anonymous_3)
FNDA:11,(anonymous_4)
FNDA:10,(anonymous_5)
FNDA:1,(anonymous_6)
FNDA:2,(anonymous_7)
FNDA:1,(anonymous_8)
FNDA:1,(anonymous_9)
FNDA:3,(anonymous_10)
FNDA:3,(anonymous_11)
FNDA:0,(anonymous_12)
DA:8,1
DA:18,1
DA:23,1
DA:31,11
DA:32,11
DA:38,11
DA:39,10
DA:43,1
DA:50,2
DA:56,1
DA:60,1
DA:67,3
DA:70,3
DA:71,2
DA:75,0
LF:15
LH:14
BRDA:70,1,0,1
BRDA:70,1,1,2
BRF:2
BRH:2
end_of_record
TN:
SF:/Users/nnur/dev/Beamer/api/controllers/RouteController.js
FN:16,(anonymous_1)
FN:21,(anonymous_2)
FN:30,(anonymous_3)
FN:33,(anonymous_4)
FN:38,(anonymous_5)
FN:42,(anonymous_6)
FN:48,(anonymous_7)
FN:54,(anonymous_8)
FN:58,(anonymous_9)
FN:66,(anonymous_10)
FN:69,(anonymous_11)
FN:74,(anonymous_12)
FNF:12
FNH:11
FNDA:2,(anonymous_1)
FNDA:2,(anonymous_2)
FNDA:19,(anonymous_3)
FNDA:19,(anonymous_4)
FNDA:18,(anonymous_5)
FNDA:1,(anonymous_6)
FNDA:2,(anonymous_7)
FNDA:1,(anonymous_8)
FNDA:1,(anonymous_9)
FNDA:3,(anonymous_10)
FNDA:3,(anonymous_11)
FNDA:0,(anonymous_12)
DA:8,1
DA:17,2
DA:22,2
DA:31,19
DA:32,19
DA:34,19
DA:38,19
DA:39,18
DA:43,1
DA:50,2
DA:55,1
DA:59,1
DA:67,3
DA:70,3
DA:71,2
DA:75,0
LF:16
LH:15
BRDA:70,1,0,1
BRDA:70,1,1,2
BRF:2
BRH:2
end_of_record
TN:
SF:/Users/nnur/dev/Beamer/api/controllers/UserController.js
FN:12,(anonymous_1)
FN:16,(anonymous_2)
FN:17,(anonymous_3)
FN:38,(anonymous_4)
FN:48,(anonymous_5)
FN:50,(anonymous_6)
FN:60,(anonymous_7)
FN:68,(anonymous_8)
FN:73,(anonymous_9)
FN:77,(anonymous_10)
FN:82,(anonymous_11)
FN:85,(anonymous_12)
FN:90,(anonymous_13)
FN:95,(anonymous_14)
FN:99,(anonymous_15)
FN:103,(anonymous_16)
FNF:16
FNH:12
FNDA:0,(anonymous_1)
FNDA:33,(anonymous_2)
FNDA:33,(anonymous_3)
FNDA:4,(anonymous_4)
FNDA:3,(anonymous_5)
FNDA:1,(anonymous_6)
FNDA:2,(anonymous_7)
FNDA:1,(anonymous_8)
FNDA:0,(anonymous_9)
FNDA:1,(anonymous_10)
FNDA:3,(anonymous_11)
FNDA:3,(anonymous_12)
FNDA:0,(anonymous_13)
FNDA:1,(anonymous_14)
FNDA:1,(anonymous_15)
FNDA:0,(anonymous_16)
DA:8,1
DA:10,1
DA:13,0
DA:17,33
DA:18,33
DA:19,1
DA:24,32
DA:26,32
DA:39,4
DA:40,4
DA:42,4
DA:43,1
DA:46,3
DA:49,3
DA:51,1
DA:61,2
DA:69,1
DA:74,0
DA:78,1
DA:83,3
DA:86,3
DA:87,3
DA:91,0
DA:97,1
DA:100,1
DA:104,0
LF:26
LH:22
BRDA:18,1,0,1
BRDA:18,1,1,32
BRDA:24,2,0,32
BRDA:24,2,1,0
BRDA:42,3,0,1
BRDA:42,3,1,3
BRDA:42,4,0,4
BRDA:42,4,1,3
BRF:8
BRH:7
end_of_record
TN:
SF:/Users/nnur/dev/Beamer/api/policies/isAuthorized.js
FN:1,(anonymous_1)
FN:17,(anonymous_2)
FN:21,(anonymous_3)
FN:26,(anonymous_4)
FNF:4
FNH:3
FNDA:50,(anonymous_1)
FNDA:50,(anonymous_2)
FNDA:49,(anonymous_3)
FNDA:0,(anonymous_4)
DA:1,1
DA:2,50
DA:4,50
DA:5,50
DA:6,50
DA:7,50
DA:9,50
DA:10,0
DA:14,0
DA:17,50
DA:18,50
DA:19,49
DA:21,49
DA:22,49
DA:23,1
DA:25,48
DA:27,0
DA:28,0
LF:18
LH:14
BRDA:4,1,0,50
BRDA:4,1,1,0
BRDA:4,2,0,50
BRDA:4,2,1,50
BRDA:9,3,0,0
BRDA:9,3,1,50
BRDA:18,4,0,1
BRDA:18,4,1,49
BRDA:22,5,0,1
BRDA:22,5,1,48
BRF:10
BRH:8
end_of_record
