TN:
SF:/Users/nnur/dev/Beamer/api/responses/badCredentials.js
FN:1,(anonymous_1)
FNF:1
FNH:1
FNDA:2,(anonymous_1)
DA:1,1
DA:4,2
DA:5,2
DA:8,2
DA:9,2
LF:5
LH:5
BRF:0
BRH:0
end_of_record
TN:
SF:/Users/nnur/dev/Beamer/api/responses/badRequest.js
FN:18,badRequest
FN:59,couldNotGuessView
FNF:2
FNH:1
FNDA:2,badRequest
FNDA:0,couldNotGuessView
DA:18,1
DA:21,2
DA:22,2
DA:23,2
DA:26,2
DA:29,2
DA:30,1
DA:32,1
DA:37,2
DA:38,0
DA:42,2
DA:43,2
DA:48,0
DA:53,0
DA:54,0
DA:59,0
DA:60,0
LF:17
LH:11
BRDA:29,1,0,1
BRDA:29,1,1,1
BRDA:37,2,0,0
BRDA:37,2,1,2
BRDA:42,3,0,2
BRDA:42,3,1,0
BRDA:48,4,0,0
BRDA:48,4,1,0
BRDA:48,5,0,0
BRDA:48,5,1,0
BRDA:53,6,0,0
BRDA:53,6,1,0
BRF:12
BRH:4
end_of_record
TN:
SF:/Users/nnur/dev/Beamer/api/responses/conflict.js
FN:1,(anonymous_1)
FNF:1
FNH:1
FNDA:2,(anonymous_1)
DA:1,1
DA:3,2
DA:4,2
DA:6,2
DA:7,2
LF:5
LH:5
BRF:0
BRH:0
end_of_record
TN:
SF:/Users/nnur/dev/Beamer/api/responses/created.js
FN:1,(anonymous_1)
FNF:1
FNH:0
FNDA:0,(anonymous_1)
DA:1,1
DA:2,0
DA:8,0
DA:10,0
DA:11,0
LF:5
LH:1
BRDA:3,1,0,0
BRDA:3,1,1,0
BRDA:4,2,0,0
BRDA:4,2,1,0
BRDA:5,3,0,0
BRDA:5,3,1,0
BRF:6
BRH:0
end_of_record
TN:
SF:/Users/nnur/dev/Beamer/api/responses/forbidden.js
FN:15,forbidden
FN:56,(anonymous_2)
FNF:2
FNH:0
FNDA:0,forbidden
FNDA:0,(anonymous_2)
DA:15,1
DA:18,0
DA:19,0
DA:20,0
DA:23,0
DA:26,0
DA:27,0
DA:29,0
DA:34,0
DA:35,0
DA:39,0
DA:40,0
DA:45,0
DA:50,0
DA:51,0
DA:56,0
DA:59,0
DA:63,0
DA:64,0
DA:68,0
DA:70,0
DA:73,0
LF:22
LH:1
BRDA:26,1,0,0
BRDA:26,1,1,0
BRDA:34,2,0,0
BRDA:34,2,1,0
BRDA:39,3,0,0
BRDA:39,3,1,0
BRDA:45,4,0,0
BRDA:45,4,1,0
BRDA:45,5,0,0
BRDA:45,5,1,0
BRDA:50,6,0,0
BRDA:50,6,1,0
BRDA:59,7,0,0
BRDA:59,7,1,0
BRDA:63,8,0,0
BRDA:63,8,1,0
BRF:16
BRH:0
end_of_record
TN:
SF:/Users/nnur/dev/Beamer/api/responses/notFound.js
FN:20,notFound
FN:61,(anonymous_2)
FNF:2
FNH:1
FNDA:1,notFound
FNDA:0,(anonymous_2)
DA:20,1
DA:23,1
DA:24,1
DA:25,1
DA:28,1
DA:31,1
DA:32,0
DA:34,1
DA:39,1
DA:40,0
DA:44,1
DA:45,1
DA:50,0
DA:55,0
DA:56,0
DA:61,0
DA:64,0
DA:68,0
DA:69,0
DA:73,0
DA:75,0
DA:78,0
LF:22
LH:10
BRDA:31,1,0,0
BRDA:31,1,1,1
BRDA:39,2,0,0
BRDA:39,2,1,1
BRDA:44,3,0,1
BRDA:44,3,1,0
BRDA:50,4,0,0
BRDA:50,4,1,0
BRDA:50,5,0,0
BRDA:50,5,1,0
BRDA:55,6,0,0
BRDA:55,6,1,0
BRDA:64,7,0,0
BRDA:64,7,1,0
BRDA:68,8,0,0
BRDA:68,8,1,0
BRF:16
BRH:3
end_of_record
TN:
SF:/Users/nnur/dev/Beamer/api/responses/ok.js
FN:14,sendOK
FN:44,couldNotGuessView
FNF:2
FNH:0
FNDA:0,sendOK
FNDA:0,couldNotGuessView
DA:14,1
DA:17,0
DA:18,0
DA:19,0
DA:21,0
DA:24,0
DA:27,0
DA:28,0
DA:33,0
DA:38,0
DA:39,0
DA:44,0
DA:45,0
LF:13
LH:1
BRDA:27,1,0,0
BRDA:27,1,1,0
BRDA:33,2,0,0
BRDA:33,2,1,0
BRDA:33,3,0,0
BRDA:33,3,1,0
BRDA:38,4,0,0
BRDA:38,4,1,0
BRF:8
BRH:0
end_of_record
TN:
SF:/Users/nnur/dev/Beamer/api/responses/serverError.js
FN:15,serverError
FN:56,(anonymous_2)
FNF:2
FNH:0
FNDA:0,serverError
FNDA:0,(anonymous_2)
DA:15,1
DA:18,0
DA:19,0
DA:20,0
DA:23,0
DA:26,0
DA:27,0
DA:29,0
DA:34,0
DA:35,0
DA:39,0
DA:40,0
DA:45,0
DA:50,0
DA:51,0
DA:56,0
DA:59,0
DA:63,0
DA:64,0
DA:68,0
DA:70,0
DA:73,0
LF:22
LH:1
BRDA:26,1,0,0
BRDA:26,1,1,0
BRDA:34,2,0,0
BRDA:34,2,1,0
BRDA:39,3,0,0
BRDA:39,3,1,0
BRDA:45,4,0,0
BRDA:45,4,1,0
BRDA:45,5,0,0
BRDA:45,5,1,0
BRDA:50,6,0,0
BRDA:50,6,1,0
BRDA:59,7,0,0
BRDA:59,7,1,0
BRDA:63,8,0,0
BRDA:63,8,1,0
BRF:16
BRH:0
end_of_record
TN:
SF:/Users/nnur/dev/Beamer/api/responses/unauthorized.js
FN:6,(anonymous_1)
FNF:1
FNH:0
FNDA:0,(anonymous_1)
DA:6,1
DA:7,0
DA:13,0
DA:15,0
DA:16,0
LF:5
LH:1
BRDA:8,1,0,0
BRDA:8,1,1,0
BRDA:9,2,0,0
BRDA:9,2,1,0
BRDA:10,3,0,0
BRDA:10,3,1,0
BRF:6
BRH:0
end_of_record
TN:
SF:/Users/nnur/dev/Beamer/api/services/jwToken.js
FN:5,(anonymous_1)
FN:16,(anonymous_2)
FNF:2
FNH:2
FNDA:23,(anonymous_1)
FNDA:24,(anonymous_2)
DA:1,1
DA:5,1
DA:6,23
DA:16,1
DA:17,24
LF:5
LH:5
BRF:0
BRH:0
end_of_record
TN:
SF:/Users/nnur/dev/Beamer/api/models/Blog.js
FNF:0
FNH:0
DA:8,22
LF:1
LH:1
BRF:0
BRH:0
end_of_record
TN:
SF:/Users/nnur/dev/Beamer/api/models/Route.js
FN:20,(anonymous_1)
FN:24,(anonymous_2)
FN:35,(anonymous_3)
FNF:3
FNH:2
FNDA:6,(anonymous_1)
FNDA:2,(anonymous_2)
FNDA:0,(anonymous_3)
DA:1,22
DA:21,6
DA:22,2
DA:25,2
DA:28,2
DA:33,6
LF:6
LH:6
BRDA:21,1,0,2
BRDA:21,1,1,4
BRDA:25,2,0,0
BRDA:25,2,1,2
BRDA:28,3,0,2
BRDA:28,3,1,0
BRF:6
BRH:4
end_of_record
TN:
SF:/Users/nnur/dev/Beamer/api/models/User.js
FN:33,(anonymous_1)
FN:42,(anonymous_2)
FN:47,(anonymous_3)
FN:51,(anonymous_4)
FN:62,(anonymous_5)
FN:70,(anonymous_6)
FN:73,(anonymous_7)
FNF:7
FNH:7
FNDA:24,(anonymous_1)
FNDA:23,(anonymous_2)
FNDA:3,(anonymous_3)
FNDA:3,(anonymous_4)
FNDA:3,(anonymous_5)
FNDA:11,(anonymous_6)
FNDA:11,(anonymous_7)
DA:8,22
DA:10,22
DA:34,24
DA:36,24
DA:37,24
DA:43,23
DA:44,23
DA:48,3
DA:49,3
DA:52,3
DA:54,3
DA:59,3
DA:63,3
DA:64,1
DA:66,1
DA:71,11
DA:74,11
LF:17
LH:17
BRDA:48,1,0,3
BRDA:48,1,1,0
BRDA:52,2,0,0
BRDA:52,2,1,3
BRDA:54,3,0,3
BRDA:54,3,1,0
BRDA:63,4,0,1
BRDA:63,4,1,1
BRF:8
BRH:5
end_of_record
TN:
SF:/Users/nnur/dev/Beamer/api/controllers/BlogController.js
FN:17,(anonymous_1)
FN:21,(anonymous_2)
FN:29,(anonymous_3)
FN:37,(anonymous_4)
FN:39,(anonymous_5)
FN:45,(anonymous_6)
FN:51,(anonymous_7)
FN:53,(anonymous_8)
FN:60,(anonymous_9)
FN:63,(anonymous_10)
FN:65,(anonymous_11)
FNF:11
FNH:0
FNDA:0,(anonymous_1)
FNDA:0,(anonymous_2)
FNDA:0,(anonymous_3)
FNDA:0,(anonymous_4)
FNDA:0,(anonymous_5)
FNDA:0,(anonymous_6)
FNDA:0,(anonymous_7)
FNDA:0,(anonymous_8)
FNDA:0,(anonymous_9)
FNDA:0,(anonymous_10)
FNDA:0,(anonymous_11)
DA:8,1
DA:18,0
DA:22,0
DA:23,0
DA:24,0
DA:25,0
DA:31,0
DA:37,0
DA:38,0
DA:40,0
DA:46,0
DA:52,0
DA:54,0
DA:61,0
DA:64,0
DA:66,0
LF:16
LH:1
BRDA:22,1,0,0
BRDA:22,1,1,0
BRDA:24,2,0,0
BRDA:24,2,1,0
BRF:4
BRH:0
end_of_record
TN:
SF:/Users/nnur/dev/Beamer/api/controllers/RouteController.js
FN:16,(anonymous_1)
FN:21,(anonymous_2)
FN:30,(anonymous_3)
FN:33,(anonymous_4)
FN:38,(anonymous_5)
FN:42,(anonymous_6)
FN:48,(anonymous_7)
FN:54,(anonymous_8)
FN:58,(anonymous_9)
FN:67,(anonymous_10)
FN:70,(anonymous_11)
FN:75,(anonymous_12)
FNF:12
FNH:11
FNDA:2,(anonymous_1)
FNDA:2,(anonymous_2)
FNDA:11,(anonymous_3)
FNDA:11,(anonymous_4)
FNDA:10,(anonymous_5)
FNDA:1,(anonymous_6)
FNDA:2,(anonymous_7)
FNDA:1,(anonymous_8)
FNDA:1,(anonymous_9)
FNDA:3,(anonymous_10)
FNDA:3,(anonymous_11)
FNDA:0,(anonymous_12)
DA:8,1
DA:17,2
DA:22,2
DA:31,11
DA:32,11
DA:34,11
DA:38,11
DA:39,10
DA:43,1
DA:50,2
DA:55,1
DA:59,1
DA:60,1
DA:68,3
DA:71,3
DA:72,2
DA:76,0
LF:17
LH:16
BRDA:71,1,0,1
BRDA:71,1,1,2
BRF:2
BRH:2
end_of_record
TN:
SF:/Users/nnur/dev/Beamer/api/controllers/UserController.js
FN:12,(anonymous_1)
FN:16,(anonymous_2)
FN:17,(anonymous_3)
FN:38,(anonymous_4)
FN:48,(anonymous_5)
FN:49,(anonymous_6)
FN:63,(anonymous_7)
FN:69,(anonymous_8)
FN:74,(anonymous_9)
FN:79,(anonymous_10)
FN:84,(anonymous_11)
FN:87,(anonymous_12)
FN:92,(anonymous_13)
FN:97,(anonymous_14)
FN:101,(anonymous_15)
FN:105,(anonymous_16)
FNF:16
FNH:12
FNDA:0,(anonymous_1)
FNDA:23,(anonymous_2)
FNDA:23,(anonymous_3)
FNDA:4,(anonymous_4)
FNDA:3,(anonymous_5)
FNDA:2,(anonymous_6)
FNDA:1,(anonymous_7)
FNDA:1,(anonymous_8)
FNDA:0,(anonymous_9)
FNDA:1,(anonymous_10)
FNDA:3,(anonymous_11)
FNDA:3,(anonymous_12)
FNDA:0,(anonymous_13)
FNDA:1,(anonymous_14)
FNDA:1,(anonymous_15)
FNDA:0,(anonymous_16)
DA:8,1
DA:10,1
DA:13,0
DA:17,23
DA:18,23
DA:19,1
DA:24,22
DA:26,22
DA:39,4
DA:40,4
DA:42,4
DA:43,1
DA:46,3
DA:49,3
DA:50,2
DA:51,1
DA:53,1
DA:64,1
DA:70,1
DA:75,0
DA:76,0
DA:80,1
DA:85,3
DA:88,3
DA:89,3
DA:93,0
DA:99,1
DA:102,1
DA:106,0
LF:29
LH:24
BRDA:18,1,0,1
BRDA:18,1,1,22
BRDA:24,2,0,22
BRDA:24,2,1,0
BRDA:42,3,0,1
BRDA:42,3,1,3
BRDA:42,4,0,4
BRDA:42,4,1,3
BRDA:50,5,0,1
BRDA:50,5,1,1
BRF:10
BRH:9
end_of_record
TN:
SF:/Users/nnur/dev/Beamer/api/policies/isAuthorized.js
FN:1,(anonymous_1)
FN:28,(anonymous_2)
FNF:2
FNH:2
FNDA:24,(anonymous_1)
FNDA:24,(anonymous_2)
DA:1,1
DA:2,24
DA:4,24
DA:5,24
DA:6,24
DA:7,24
DA:10,24
DA:11,24
DA:14,0
DA:18,0
DA:19,0
DA:21,0
DA:23,0
DA:28,24
DA:29,24
DA:30,23
DA:31,23
DA:33,23
DA:34,23
DA:36,0
DA:43,23
LF:21
LH:15
BRDA:4,1,0,24
BRDA:4,1,1,0
BRDA:4,2,0,24
BRDA:4,2,1,24
BRDA:6,3,0,24
BRDA:6,3,1,0
BRDA:10,4,0,24
BRDA:10,4,1,0
BRDA:18,5,0,0
BRDA:18,5,1,0
BRDA:29,6,0,1
BRDA:29,6,1,23
BRDA:33,7,0,23
BRDA:33,7,1,0
BRDA:34,8,0,23
BRDA:34,8,1,0
BRF:16
BRH:9
end_of_record
